<?xml version="1.0" encoding="UTF-8"?>
<!-- Generated by org.testng.reporters.JUnitXMLReporter -->
<testsuite hostname="DESKTOP-3GFSGOJ" ignored="0" name="Test" tests="4" failures="0" timestamp="27 May 2020 16:47:00 GMT" time="48.94" errors="0">
  <testcase name="multipleresttestsuites" time="32.855" classname="REST.Multipletestcases"/>
  <testcase name="soaptest" time="9.581" classname="SOAP.testrunner"/>
  <testcase name="soaptest" time="0.339" classname="SOAP.singletestcase"/>
  <testcase name="singleresttest" time="6.115" classname="REST.RESTrunner"/>
</testsuite> <!-- Test -->
