<?xml version="1.0" encoding="UTF-8"?>
<testng-results skipped="0" failed="0" ignored="0" total="4" passed="4">
  <reporter-output>
  </reporter-output>
  <suite name="Suite" duration-ms="48940" started-at="2020-05-27T16:46:10Z" finished-at="2020-05-27T16:46:59Z">
    <groups>
    </groups>
    <test name="Test" duration-ms="48940" started-at="2020-05-27T16:46:10Z" finished-at="2020-05-27T16:46:59Z">
      <class name="REST.RESTrunner">
        <test-method status="PASS" signature="singleresttest()[pri:0, instance:REST.RESTrunner@233fe9b6]" name="singleresttest" duration-ms="6115" started-at="2020-05-27T16:46:53Z" finished-at="2020-05-27T16:46:59Z">
          <reporter-output>
          </reporter-output>
        </test-method> <!-- singleresttest -->
      </class> <!-- REST.RESTrunner -->
      <class name="SOAP.testrunner">
        <test-method status="PASS" signature="soaptest()[pri:0, instance:SOAP.testrunner@37918c79]" name="soaptest" duration-ms="9581" started-at="2020-05-27T16:46:43Z" finished-at="2020-05-27T16:46:53Z">
          <reporter-output>
          </reporter-output>
        </test-method> <!-- soaptest -->
      </class> <!-- SOAP.testrunner -->
      <class name="REST.Multipletestcases">
        <test-method status="PASS" signature="multipleresttestsuites()[pri:0, instance:REST.Multipletestcases@38c5cc4c]" name="multipleresttestsuites" duration-ms="32855" started-at="2020-05-27T16:46:10Z" finished-at="2020-05-27T16:46:43Z">
          <reporter-output>
          </reporter-output>
        </test-method> <!-- multipleresttestsuites -->
      </class> <!-- REST.Multipletestcases -->
      <class name="SOAP.singletestcase">
        <test-method status="PASS" signature="soaptest()[pri:0, instance:SOAP.singletestcase@78e94dcf]" name="soaptest" duration-ms="339" started-at="2020-05-27T16:46:53Z" finished-at="2020-05-27T16:46:53Z">
          <reporter-output>
          </reporter-output>
        </test-method> <!-- soaptest -->
      </class> <!-- SOAP.singletestcase -->
    </test> <!-- Test -->
  </suite> <!-- Suite -->
</testng-results>
